.
├── README.md
├── app.js
├── app.yaml
├── bin
│   └── www
├── dispatch.yaml
├── node_modules
│   ├── accepts
│   │   ├── HISTORY.md
│   │   ├── LICENSE
│   │   ├── README.md
│   │   ├── index.js
│   │   └── package.json
│   ├── alloy-node
│   │   ├── README.md
│   │   ├── index.js
│   │   └── package.json
│   ├── ansi-styles
│   │   ├── index.d.ts
│   │   ├── index.js
│   │   ├── license
│   │   ├── package.json
│   │   └── readme.md
│   ├── array-flatten
│   │   ├── LICENSE
│   │   ├── README.md
│   │   ├── array-flatten.js
│   │   └── package.json
│   ├── async
│   │   ├── CHANGELOG.md
│   │   ├── LICENSE
│   │   ├── README.md
│   │   ├── all.js
│   │   ├── allLimit.js
│   │   ├── allSeries.js
│   │   ├── any.js
│   │   ├── anyLimit.js
│   │   ├── anySeries.js
│   │   ├── apply.js
│   │   ├── applyEach.js
│   │   ├── applyEachSeries.js
│   │   ├── asyncify.js
│   │   ├── auto.js
│   │   ├── autoInject.js
│   │   ├── bower.json
│   │   ├── cargo.js
│   │   ├── cargoQueue.js
│   │   ├── compose.js
│   │   ├── concat.js
│   │   ├── concatLimit.js
│   │   ├── concatSeries.js
│   │   ├── constant.js
│   │   ├── detect.js
│   │   ├── detectLimit.js
│   │   ├── detectSeries.js
│   │   ├── dir.js
│   │   ├── dist
│   │   │   ├── async.js
│   │   │   ├── async.min.js
│   │   │   └── async.mjs
│   │   ├── doDuring.js
│   │   ├── doUntil.js
│   │   ├── doWhilst.js
│   │   ├── during.js
│   │   ├── each.js
│   │   ├── eachLimit.js
│   │   ├── eachOf.js
│   │   ├── eachOfLimit.js
│   │   ├── eachOfSeries.js
│   │   ├── eachSeries.js
│   │   ├── ensureAsync.js
│   │   ├── every.js
│   │   ├── everyLimit.js
│   │   ├── everySeries.js
│   │   ├── filter.js
│   │   ├── filterLimit.js
│   │   ├── filterSeries.js
│   │   ├── find.js
│   │   ├── findLimit.js
│   │   ├── findSeries.js
│   │   ├── flatMap.js
│   │   ├── flatMapLimit.js
│   │   ├── flatMapSeries.js
│   │   ├── foldl.js
│   │   ├── foldr.js
│   │   ├── forEach.js
│   │   ├── forEachLimit.js
│   │   ├── forEachOf.js
│   │   ├── forEachOfLimit.js
│   │   ├── forEachOfSeries.js
│   │   ├── forEachSeries.js
│   │   ├── forever.js
│   │   ├── groupBy.js
│   │   ├── groupByLimit.js
│   │   ├── groupBySeries.js
│   │   ├── index.js
│   │   ├── inject.js
│   │   ├── internal
│   │   │   ├── DoublyLinkedList.js
│   │   │   ├── Heap.js
│   │   │   ├── applyEach.js
│   │   │   ├── asyncEachOfLimit.js
│   │   │   ├── awaitify.js
│   │   │   ├── breakLoop.js
│   │   │   ├── consoleFunc.js
│   │   │   ├── createTester.js
│   │   │   ├── eachOfLimit.js
│   │   │   ├── filter.js
│   │   │   ├── getIterator.js
│   │   │   ├── initialParams.js
│   │   │   ├── isArrayLike.js
│   │   │   ├── iterator.js
│   │   │   ├── map.js
│   │   │   ├── once.js
│   │   │   ├── onlyOnce.js
│   │   │   ├── parallel.js
│   │   │   ├── promiseCallback.js
│   │   │   ├── queue.js
│   │   │   ├── range.js
│   │   │   ├── reject.js
│   │   │   ├── setImmediate.js
│   │   │   ├── withoutIndex.js
│   │   │   └── wrapAsync.js
│   │   ├── log.js
│   │   ├── map.js
│   │   ├── mapLimit.js
│   │   ├── mapSeries.js
│   │   ├── mapValues.js
│   │   ├── mapValuesLimit.js
│   │   ├── mapValuesSeries.js
│   │   ├── memoize.js
│   │   ├── nextTick.js
│   │   ├── package.json
│   │   ├── parallel.js
│   │   ├── parallelLimit.js
│   │   ├── priorityQueue.js
│   │   ├── queue.js
│   │   ├── race.js
│   │   ├── reduce.js
│   │   ├── reduceRight.js
│   │   ├── reflect.js
│   │   ├── reflectAll.js
│   │   ├── reject.js
│   │   ├── rejectLimit.js
│   │   ├── rejectSeries.js
│   │   ├── retry.js
│   │   ├── retryable.js
│   │   ├── select.js
│   │   ├── selectLimit.js
│   │   ├── selectSeries.js
│   │   ├── seq.js
│   │   ├── series.js
│   │   ├── setImmediate.js
│   │   ├── some.js
│   │   ├── someLimit.js
│   │   ├── someSeries.js
│   │   ├── sortBy.js
│   │   ├── timeout.js
│   │   ├── times.js
│   │   ├── timesLimit.js
│   │   ├── timesSeries.js
│   │   ├── transform.js
│   │   ├── tryEach.js
│   │   ├── unmemoize.js
│   │   ├── until.js
│   │   ├── waterfall.js
│   │   ├── whilst.js
│   │   └── wrapSync.js
│   ├── axios
│   │   ├── CHANGELOG.md
│   │   ├── LICENSE
│   │   ├── README.md
│   │   ├── SECURITY.md
│   │   ├── UPGRADE_GUIDE.md
│   │   ├── dist
│   │   │   ├── axios.js
│   │   │   ├── axios.map
│   │   │   ├── axios.min.js
│   │   │   └── axios.min.map
│   │   ├── index.d.ts
│   │   ├── index.js
│   │   ├── lib
│   │   │   ├── adapters
│   │   │   │   ├── README.md
│   │   │   │   ├── http.js
│   │   │   │   └── xhr.js
│   │   │   ├── axios.js
│   │   │   ├── cancel
│   │   │   │   ├── Cancel.js
│   │   │   │   ├── CancelToken.js
│   │   │   │   └── isCancel.js
│   │   │   ├── core
│   │   │   │   ├── Axios.js
│   │   │   │   ├── InterceptorManager.js
│   │   │   │   ├── README.md
│   │   │   │   ├── buildFullPath.js
│   │   │   │   ├── createError.js
│   │   │   │   ├── dispatchRequest.js
│   │   │   │   ├── enhanceError.js
│   │   │   │   ├── mergeConfig.js
│   │   │   │   ├── settle.js
│   │   │   │   └── transformData.js
│   │   │   ├── defaults.js
│   │   │   ├── helpers
│   │   │   │   ├── README.md
│   │   │   │   ├── bind.js
│   │   │   │   ├── buildURL.js
│   │   │   │   ├── combineURLs.js
│   │   │   │   ├── cookies.js
│   │   │   │   ├── deprecatedMethod.js
│   │   │   │   ├── isAbsoluteURL.js
│   │   │   │   ├── isAxiosError.js
│   │   │   │   ├── isURLSameOrigin.js
│   │   │   │   ├── normalizeHeaderName.js
│   │   │   │   ├── parseHeaders.js
│   │   │   │   ├── spread.js
│   │   │   │   └── validator.js
│   │   │   └── utils.js
│   │   └── package.json
│   ├── balanced-match
│   │   ├── LICENSE.md
│   │   ├── README.md
│   │   ├── index.js
│   │   └── package.json
│   ├── basic-auth
│   │   ├── HISTORY.md
│   │   ├── LICENSE
│   │   ├── README.md
│   │   ├── index.js
│   │   ├── node_modules
│   │   │   └── safe-buffer
│   │   │       ├── LICENSE
│   │   │       ├── README.md
│   │   │       ├── index.d.ts
│   │   │       ├── index.js
│   │   │       └── package.json
│   │   └── package.json
│   ├── body-parser
│   │   ├── HISTORY.md
│   │   ├── LICENSE
│   │   ├── README.md
│   │   ├── SECURITY.md
│   │   ├── index.js
│   │   ├── lib
│   │   │   ├── read.js
│   │   │   └── types
│   │   │       ├── json.js
│   │   │       ├── raw.js
│   │   │       ├── text.js
│   │   │       └── urlencoded.js
│   │   ├── node_modules
│   │   │   ├── http-errors
│   │   │   │   ├── HISTORY.md
│   │   │   │   ├── LICENSE
│   │   │   │   ├── README.md
│   │   │   │   ├── index.js
│   │   │   │   └── package.json
│   │   │   └── inherits
│   │   │       ├── LICENSE
│   │   │       ├── README.md
│   │   │       ├── inherits.js
│   │   │       ├── inherits_browser.js
│   │   │       └── package.json
│   │   └── package.json
│   ├── brace-expansion
│   │   ├── LICENSE
│   │   ├── README.md
│   │   ├── index.js
│   │   └── package.json
│   ├── bytes
│   │   ├── History.md
│   │   ├── LICENSE
│   │   ├── Readme.md
│   │   ├── index.js
│   │   └── package.json
│   ├── call-bind
│   │   ├── CHANGELOG.md
│   │   ├── LICENSE
│   │   ├── README.md
│   │   ├── callBound.js
│   │   ├── index.js
│   │   ├── package.json
│   │   └── test
│   │       ├── callBound.js
│   │       └── index.js
│   ├── chalk
│   │   ├── index.d.ts
│   │   ├── license
│   │   ├── package.json
│   │   ├── readme.md
│   │   └── source
│   │       ├── index.js
│   │       ├── templates.js
│   │       └── util.js
│   ├── color-convert
│   │   ├── CHANGELOG.md
│   │   ├── LICENSE
│   │   ├── README.md
│   │   ├── conversions.js
│   │   ├── index.js
│   │   ├── package.json
│   │   └── route.js
│   ├── color-name
│   │   ├── LICENSE
│   │   ├── README.md
│   │   ├── index.js
│   │   └── package.json
│   ├── concat-map
│   │   ├── LICENSE
│   │   ├── README.markdown
│   │   ├── example
│   │   │   └── map.js
│   │   ├── index.js
│   │   ├── package.json
│   │   └── test
│   │       └── map.js
│   ├── content-disposition
│   │   ├── HISTORY.md
│   │   ├── LICENSE
│   │   ├── README.md
│   │   ├── index.js
│   │   ├── node_modules
│   │   └── package.json
│   ├── content-type
│   │   ├── HISTORY.md
│   │   ├── LICENSE
│   │   ├── README.md
│   │   ├── index.js
│   │   └── package.json
│   ├── cookie
│   │   ├── HISTORY.md
│   │   ├── LICENSE
│   │   ├── README.md
│   │   ├── index.js
│   │   └── package.json
│   ├── cookie-parser
│   │   ├── HISTORY.md
│   │   ├── LICENSE
│   │   ├── README.md
│   │   ├── index.js
│   │   └── package.json
│   ├── cookie-signature
│   │   ├── History.md
│   │   ├── Readme.md
│   │   ├── index.js
│   │   └── package.json
│   ├── debug
│   │   ├── CHANGELOG.md
│   │   ├── LICENSE
│   │   ├── Makefile
│   │   ├── README.md
│   │   ├── component.json
│   │   ├── karma.conf.js
│   │   ├── node.js
│   │   ├── package.json
│   │   └── src
│   │       ├── browser.js
│   │       ├── debug.js
│   │       ├── index.js
│   │       ├── inspector-log.js
│   │       └── node.js
│   ├── depd
│   │   ├── History.md
│   │   ├── LICENSE
│   │   ├── Readme.md
│   │   ├── index.js
│   │   ├── lib
│   │   │   └── browser
│   │   │       └── index.js
│   │   └── package.json
│   ├── destroy
│   │   ├── LICENSE
│   │   ├── README.md
│   │   ├── index.js
│   │   └── package.json
│   ├── ee-first
│   │   ├── LICENSE
│   │   ├── README.md
│   │   ├── index.js
│   │   └── package.json
│   ├── ejs
│   │   ├── LICENSE
│   │   ├── README.md
│   │   ├── bin
│   │   │   └── cli.js
│   │   ├── ejs.js
│   │   ├── ejs.min.js
│   │   ├── jakefile.js
│   │   ├── lib
│   │   │   ├── ejs.js
│   │   │   └── utils.js
│   │   ├── package.json
│   │   └── usage.txt
│   ├── encodeurl
│   │   ├── HISTORY.md
│   │   ├── LICENSE
│   │   ├── README.md
│   │   ├── index.js
│   │   └── package.json
│   ├── escape-html
│   │   ├── LICENSE
│   │   ├── Readme.md
│   │   ├── index.js
│   │   └── package.json
│   ├── etag
│   │   ├── HISTORY.md
│   │   ├── LICENSE
│   │   ├── README.md
│   │   ├── index.js
│   │   └── package.json
│   ├── express
│   │   ├── History.md
│   │   ├── LICENSE
│   │   ├── Readme.md
│   │   ├── index.js
│   │   ├── lib
│   │   │   ├── application.js
│   │   │   ├── express.js
│   │   │   ├── middleware
│   │   │   │   ├── init.js
│   │   │   │   └── query.js
│   │   │   ├── request.js
│   │   │   ├── response.js
│   │   │   ├── router
│   │   │   │   ├── index.js
│   │   │   │   ├── layer.js
│   │   │   │   └── route.js
│   │   │   ├── utils.js
│   │   │   └── view.js
│   │   ├── node_modules
│   │   │   ├── cookie
│   │   │   │   ├── HISTORY.md
│   │   │   │   ├── LICENSE
│   │   │   │   ├── README.md
│   │   │   │   ├── SECURITY.md
│   │   │   │   ├── index.js
│   │   │   │   └── package.json
│   │   │   ├── http-errors
│   │   │   │   ├── HISTORY.md
│   │   │   │   ├── LICENSE
│   │   │   │   ├── README.md
│   │   │   │   ├── index.js
│   │   │   │   └── package.json
│   │   │   └── inherits
│   │   │       ├── LICENSE
│   │   │       ├── README.md
│   │   │       ├── inherits.js
│   │   │       ├── inherits_browser.js
│   │   │       └── package.json
│   │   └── package.json
│   ├── filelist
│   │   ├── README.md
│   │   ├── index.d.ts
│   │   ├── index.js
│   │   ├── jakefile.js
│   │   ├── node_modules
│   │   │   ├── brace-expansion
│   │   │   │   ├── LICENSE
│   │   │   │   ├── README.md
│   │   │   │   ├── index.js
│   │   │   │   └── package.json
│   │   │   └── minimatch
│   │   │       ├── LICENSE
│   │   │       ├── README.md
│   │   │       ├── lib
│   │   │       │   └── path.js
│   │   │       ├── minimatch.js
│   │   │       └── package.json
│   │   └── package.json
│   ├── finalhandler
│   │   ├── HISTORY.md
│   │   ├── LICENSE
│   │   ├── README.md
│   │   ├── SECURITY.md
│   │   ├── index.js
│   │   ├── node_modules
│   │   └── package.json
│   ├── follow-redirects
│   │   ├── LICENSE
│   │   ├── README.md
│   │   ├── debug.js
│   │   ├── http.js
│   │   ├── https.js
│   │   ├── index.js
│   │   └── package.json
│   ├── forwarded
│   │   ├── HISTORY.md
│   │   ├── LICENSE
│   │   ├── README.md
│   │   ├── index.js
│   │   └── package.json
│   ├── fresh
│   │   ├── HISTORY.md
│   │   ├── LICENSE
│   │   ├── README.md
│   │   ├── index.js
│   │   └── package.json
│   ├── function-bind
│   │   ├── LICENSE
│   │   ├── README.md
│   │   ├── implementation.js
│   │   ├── index.js
│   │   ├── package.json
│   │   └── test
│   │       └── index.js
│   ├── get-intrinsic
│   │   ├── CHANGELOG.md
│   │   ├── LICENSE
│   │   ├── README.md
│   │   ├── index.js
│   │   ├── package.json
│   │   └── test
│   │       └── GetIntrinsic.js
│   ├── has
│   │   ├── LICENSE-MIT
│   │   ├── README.md
│   │   ├── package.json
│   │   ├── src
│   │   │   └── index.js
│   │   └── test
│   │       └── index.js
│   ├── has-flag
│   │   ├── index.d.ts
│   │   ├── index.js
│   │   ├── license
│   │   ├── package.json
│   │   └── readme.md
│   ├── has-symbols
│   │   ├── CHANGELOG.md
│   │   ├── LICENSE
│   │   ├── README.md
│   │   ├── index.js
│   │   ├── package.json
│   │   ├── shams.js
│   │   └── test
│   │       ├── index.js
│   │       ├── shams
│   │       │   ├── core-js.js
│   │       │   └── get-own-property-symbols.js
│   │       └── tests.js
│   ├── http-errors
│   │   ├── HISTORY.md
│   │   ├── LICENSE
│   │   ├── README.md
│   │   ├── index.js
│   │   ├── node_modules
│   │   │   ├── depd
│   │   │   │   ├── History.md
│   │   │   │   ├── LICENSE
│   │   │   │   ├── Readme.md
│   │   │   │   ├── index.js
│   │   │   │   ├── lib
│   │   │   │   │   ├── browser
│   │   │   │   │   │   └── index.js
│   │   │   │   │   └── compat
│   │   │   │   │       ├── callsite-tostring.js
│   │   │   │   │       ├── event-listener-count.js
│   │   │   │   │       └── index.js
│   │   │   │   └── package.json
│   │   │   ├── setprototypeof
│   │   │   │   ├── LICENSE
│   │   │   │   ├── README.md
│   │   │   │   ├── index.d.ts
│   │   │   │   ├── index.js
│   │   │   │   └── package.json
│   │   │   └── statuses
│   │   │       ├── HISTORY.md
│   │   │       ├── LICENSE
│   │   │       ├── README.md
│   │   │       ├── codes.json
│   │   │       ├── index.js
│   │   │       └── package.json
│   │   └── package.json
│   ├── iconv-lite
│   │   ├── Changelog.md
│   │   ├── LICENSE
│   │   ├── README.md
│   │   ├── encodings
│   │   │   ├── dbcs-codec.js
│   │   │   ├── dbcs-data.js
│   │   │   ├── index.js
│   │   │   ├── internal.js
│   │   │   ├── sbcs-codec.js
│   │   │   ├── sbcs-data-generated.js
│   │   │   ├── sbcs-data.js
│   │   │   ├── tables
│   │   │   │   ├── big5-added.json
│   │   │   │   ├── cp936.json
│   │   │   │   ├── cp949.json
│   │   │   │   ├── cp950.json
│   │   │   │   ├── eucjp.json
│   │   │   │   ├── gb18030-ranges.json
│   │   │   │   ├── gbk-added.json
│   │   │   │   └── shiftjis.json
│   │   │   ├── utf16.js
│   │   │   └── utf7.js
│   │   ├── lib
│   │   │   ├── bom-handling.js
│   │   │   ├── extend-node.js
│   │   │   ├── index.d.ts
│   │   │   ├── index.js
│   │   │   └── streams.js
│   │   └── package.json
│   ├── inherits
│   │   ├── LICENSE
│   │   ├── README.md
│   │   ├── inherits.js
│   │   ├── inherits_browser.js
│   │   └── package.json
│   ├── ipaddr.js
│   │   ├── LICENSE
│   │   ├── README.md
│   │   ├── ipaddr.min.js
│   │   ├── lib
│   │   │   ├── ipaddr.js
│   │   │   └── ipaddr.js.d.ts
│   │   └── package.json
│   ├── jake
│   │   ├── Makefile
│   │   ├── README.md
│   │   ├── bin
│   │   │   ├── bash_completion.sh
│   │   │   └── cli.js
│   │   ├── jakefile.js
│   │   ├── lib
│   │   │   ├── api.js
│   │   │   ├── jake.js
│   │   │   ├── loader.js
│   │   │   ├── namespace.js
│   │   │   ├── package_task.js
│   │   │   ├── parseargs.js
│   │   │   ├── program.js
│   │   │   ├── publish_task.js
│   │   │   ├── rule.js
│   │   │   ├── task
│   │   │   │   ├── directory_task.js
│   │   │   │   ├── file_task.js
│   │   │   │   ├── index.js
│   │   │   │   └── task.js
│   │   │   ├── test_task.js
│   │   │   └── utils
│   │   │       ├── file.js
│   │   │       ├── index.js
│   │   │       └── logger.js
│   │   ├── package.json
│   │   ├── test
│   │   │   ├── integration
│   │   │   │   ├── concurrent.js
│   │   │   │   ├── file.js
│   │   │   │   ├── file_task.js
│   │   │   │   ├── helpers.js
│   │   │   │   ├── jakefile.js
│   │   │   │   ├── jakelib
│   │   │   │   │   ├── concurrent.jake.js
│   │   │   │   │   ├── publish.jake.js
│   │   │   │   │   ├── required_module.jake.js
│   │   │   │   │   └── rule.jake.js
│   │   │   │   ├── publish_task.js
│   │   │   │   ├── rule.js
│   │   │   │   ├── selfdep.js
│   │   │   │   └── task_base.js
│   │   │   └── unit
│   │   │       ├── jakefile.js
│   │   │       ├── namespace.js
│   │   │       └── parseargs.js
│   │   └── usage.txt
│   ├── media-typer
│   │   ├── HISTORY.md
│   │   ├── LICENSE
│   │   ├── README.md
│   │   ├── index.js
│   │   └── package.json
│   ├── merge-descriptors
│   │   ├── HISTORY.md
│   │   ├── LICENSE
│   │   ├── README.md
│   │   ├── index.js
│   │   └── package.json
│   ├── methods
│   │   ├── HISTORY.md
│   │   ├── LICENSE
│   │   ├── README.md
│   │   ├── index.js
│   │   └── package.json
│   ├── mime
│   │   ├── CHANGELOG.md
│   │   ├── LICENSE
│   │   ├── README.md
│   │   ├── cli.js
│   │   ├── mime.js
│   │   ├── package.json
│   │   ├── src
│   │   │   ├── build.js
│   │   │   └── test.js
│   │   └── types.json
│   ├── mime-db
│   │   ├── HISTORY.md
│   │   ├── LICENSE
│   │   ├── README.md
│   │   ├── db.json
│   │   ├── index.js
│   │   └── package.json
│   ├── mime-types
│   │   ├── HISTORY.md
│   │   ├── LICENSE
│   │   ├── README.md
│   │   ├── index.js
│   │   └── package.json
│   ├── minimatch
│   │   ├── LICENSE
│   │   ├── README.md
│   │   ├── minimatch.js
│   │   └── package.json
│   ├── morgan
│   │   ├── HISTORY.md
│   │   ├── LICENSE
│   │   ├── README.md
│   │   ├── index.js
│   │   ├── node_modules
│   │   │   ├── depd
│   │   │   │   ├── History.md
│   │   │   │   ├── LICENSE
│   │   │   │   ├── Readme.md
│   │   │   │   ├── index.js
│   │   │   │   ├── lib
│   │   │   │   │   ├── browser
│   │   │   │   │   │   └── index.js
│   │   │   │   │   └── compat
│   │   │   │   │       ├── callsite-tostring.js
│   │   │   │   │       ├── event-listener-count.js
│   │   │   │   │       └── index.js
│   │   │   │   └── package.json
│   │   │   └── on-finished
│   │   │       ├── HISTORY.md
│   │   │       ├── LICENSE
│   │   │       ├── README.md
│   │   │       ├── index.js
│   │   │       └── package.json
│   │   └── package.json
│   ├── ms
│   │   ├── index.js
│   │   ├── license.md
│   │   ├── package.json
│   │   └── readme.md
│   ├── negotiator
│   │   ├── HISTORY.md
│   │   ├── LICENSE
│   │   ├── README.md
│   │   ├── index.js
│   │   ├── lib
│   │   │   ├── charset.js
│   │   │   ├── encoding.js
│   │   │   ├── language.js
│   │   │   └── mediaType.js
│   │   └── package.json
│   ├── object-inspect
│   │   ├── CHANGELOG.md
│   │   ├── LICENSE
│   │   ├── example
│   │   │   ├── all.js
│   │   │   ├── circular.js
│   │   │   ├── fn.js
│   │   │   └── inspect.js
│   │   ├── index.js
│   │   ├── package-support.json
│   │   ├── package.json
│   │   ├── readme.markdown
│   │   ├── test
│   │   │   ├── bigint.js
│   │   │   ├── browser
│   │   │   │   └── dom.js
│   │   │   ├── circular.js
│   │   │   ├── deep.js
│   │   │   ├── element.js
│   │   │   ├── err.js
│   │   │   ├── fakes.js
│   │   │   ├── fn.js
│   │   │   ├── has.js
│   │   │   ├── holes.js
│   │   │   ├── indent-option.js
│   │   │   ├── inspect.js
│   │   │   ├── lowbyte.js
│   │   │   ├── number.js
│   │   │   ├── quoteStyle.js
│   │   │   ├── toStringTag.js
│   │   │   ├── undef.js
│   │   │   └── values.js
│   │   ├── test-core-js.js
│   │   └── util.inspect.js
│   ├── on-finished
│   │   ├── HISTORY.md
│   │   ├── LICENSE
│   │   ├── README.md
│   │   ├── index.js
│   │   └── package.json
│   ├── on-headers
│   │   ├── HISTORY.md
│   │   ├── LICENSE
│   │   ├── README.md
│   │   ├── index.js
│   │   └── package.json
│   ├── parseurl
│   │   ├── HISTORY.md
│   │   ├── LICENSE
│   │   ├── README.md
│   │   ├── index.js
│   │   └── package.json
│   ├── path-to-regexp
│   │   ├── History.md
│   │   ├── LICENSE
│   │   ├── Readme.md
│   │   ├── index.js
│   │   └── package.json
│   ├── proxy-addr
│   │   ├── HISTORY.md
│   │   ├── LICENSE
│   │   ├── README.md
│   │   ├── index.js
│   │   └── package.json
│   ├── qs
│   │   ├── CHANGELOG.md
│   │   ├── LICENSE.md
│   │   ├── README.md
│   │   ├── dist
│   │   │   └── qs.js
│   │   ├── lib
│   │   │   ├── formats.js
│   │   │   ├── index.js
│   │   │   ├── parse.js
│   │   │   ├── stringify.js
│   │   │   └── utils.js
│   │   ├── package.json
│   │   └── test
│   │       ├── parse.js
│   │       ├── stringify.js
│   │       └── utils.js
│   ├── range-parser
│   │   ├── HISTORY.md
│   │   ├── LICENSE
│   │   ├── README.md
│   │   ├── index.js
│   │   └── package.json
│   ├── raw-body
│   │   ├── HISTORY.md
│   │   ├── LICENSE
│   │   ├── README.md
│   │   ├── SECURITY.md
│   │   ├── index.d.ts
│   │   ├── index.js
│   │   ├── node_modules
│   │   │   ├── http-errors
│   │   │   │   ├── HISTORY.md
│   │   │   │   ├── LICENSE
│   │   │   │   ├── README.md
│   │   │   │   ├── index.js
│   │   │   │   └── package.json
│   │   │   └── inherits
│   │   │       ├── LICENSE
│   │   │       ├── README.md
│   │   │       ├── inherits.js
│   │   │       ├── inherits_browser.js
│   │   │       └── package.json
│   │   └── package.json
│   ├── safe-buffer
│   │   ├── LICENSE
│   │   ├── README.md
│   │   ├── index.d.ts
│   │   ├── index.js
│   │   └── package.json
│   ├── safer-buffer
│   │   ├── LICENSE
│   │   ├── Porting-Buffer.md
│   │   ├── Readme.md
│   │   ├── dangerous.js
│   │   ├── package.json
│   │   ├── safer.js
│   │   └── tests.js
│   ├── send
│   │   ├── HISTORY.md
│   │   ├── LICENSE
│   │   ├── README.md
│   │   ├── SECURITY.md
│   │   ├── index.js
│   │   ├── node_modules
│   │   │   ├── http-errors
│   │   │   │   ├── HISTORY.md
│   │   │   │   ├── LICENSE
│   │   │   │   ├── README.md
│   │   │   │   ├── index.js
│   │   │   │   └── package.json
│   │   │   ├── inherits
│   │   │   │   ├── LICENSE
│   │   │   │   ├── README.md
│   │   │   │   ├── inherits.js
│   │   │   │   ├── inherits_browser.js
│   │   │   │   └── package.json
│   │   │   └── ms
│   │   │       ├── index.js
│   │   │       ├── license.md
│   │   │       ├── package.json
│   │   │       └── readme.md
│   │   └── package.json
│   ├── serve-static
│   │   ├── HISTORY.md
│   │   ├── LICENSE
│   │   ├── README.md
│   │   ├── index.js
│   │   └── package.json
│   ├── setprototypeof
│   │   ├── LICENSE
│   │   ├── README.md
│   │   ├── index.d.ts
│   │   ├── index.js
│   │   ├── package.json
│   │   └── test
│   │       └── index.js
│   ├── side-channel
│   │   ├── CHANGELOG.md
│   │   ├── LICENSE
│   │   ├── README.md
│   │   ├── index.js
│   │   ├── package.json
│   │   └── test
│   │       └── index.js
│   ├── statuses
│   │   ├── HISTORY.md
│   │   ├── LICENSE
│   │   ├── README.md
│   │   ├── codes.json
│   │   ├── index.js
│   │   └── package.json
│   ├── supports-color
│   │   ├── browser.js
│   │   ├── index.js
│   │   ├── license
│   │   ├── package.json
│   │   └── readme.md
│   ├── toidentifier
│   │   ├── HISTORY.md
│   │   ├── LICENSE
│   │   ├── README.md
│   │   ├── index.js
│   │   └── package.json
│   ├── type-is
│   │   ├── HISTORY.md
│   │   ├── LICENSE
│   │   ├── README.md
│   │   ├── index.js
│   │   └── package.json
│   ├── unpipe
│   │   ├── HISTORY.md
│   │   ├── LICENSE
│   │   ├── README.md
│   │   ├── index.js
│   │   └── package.json
│   ├── utils-merge
│   │   ├── LICENSE
│   │   ├── README.md
│   │   ├── index.js
│   │   └── package.json
│   ├── uuid
│   │   ├── CHANGELOG.md
│   │   ├── CONTRIBUTING.md
│   │   ├── LICENSE.md
│   │   ├── README.md
│   │   ├── dist
│   │   │   ├── bin
│   │   │   │   └── uuid
│   │   │   ├── esm-browser
│   │   │   │   ├── index.js
│   │   │   │   ├── md5.js
│   │   │   │   ├── nil.js
│   │   │   │   ├── parse.js
│   │   │   │   ├── regex.js
│   │   │   │   ├── rng.js
│   │   │   │   ├── sha1.js
│   │   │   │   ├── stringify.js
│   │   │   │   ├── v1.js
│   │   │   │   ├── v3.js
│   │   │   │   ├── v35.js
│   │   │   │   ├── v4.js
│   │   │   │   ├── v5.js
│   │   │   │   ├── validate.js
│   │   │   │   └── version.js
│   │   │   ├── esm-node
│   │   │   │   ├── index.js
│   │   │   │   ├── md5.js
│   │   │   │   ├── nil.js
│   │   │   │   ├── parse.js
│   │   │   │   ├── regex.js
│   │   │   │   ├── rng.js
│   │   │   │   ├── sha1.js
│   │   │   │   ├── stringify.js
│   │   │   │   ├── v1.js
│   │   │   │   ├── v3.js
│   │   │   │   ├── v35.js
│   │   │   │   ├── v4.js
│   │   │   │   ├── v5.js
│   │   │   │   ├── validate.js
│   │   │   │   └── version.js
│   │   │   ├── index.js
│   │   │   ├── md5-browser.js
│   │   │   ├── md5.js
│   │   │   ├── nil.js
│   │   │   ├── parse.js
│   │   │   ├── regex.js
│   │   │   ├── rng-browser.js
│   │   │   ├── rng.js
│   │   │   ├── sha1-browser.js
│   │   │   ├── sha1.js
│   │   │   ├── stringify.js
│   │   │   ├── umd
│   │   │   │   ├── uuid.min.js
│   │   │   │   ├── uuidNIL.min.js
│   │   │   │   ├── uuidParse.min.js
│   │   │   │   ├── uuidStringify.min.js
│   │   │   │   ├── uuidValidate.min.js
│   │   │   │   ├── uuidVersion.min.js
│   │   │   │   ├── uuidv1.min.js
│   │   │   │   ├── uuidv3.min.js
│   │   │   │   ├── uuidv4.min.js
│   │   │   │   └── uuidv5.min.js
│   │   │   ├── uuid-bin.js
│   │   │   ├── v1.js
│   │   │   ├── v3.js
│   │   │   ├── v35.js
│   │   │   ├── v4.js
│   │   │   ├── v5.js
│   │   │   ├── validate.js
│   │   │   └── version.js
│   │   ├── package.json
│   │   └── wrapper.mjs
│   └── vary
│       ├── HISTORY.md
│       ├── LICENSE
│       ├── README.md
│       ├── index.js
│       └── package.json
├── package-lock.json
├── package.json
├── public
│   ├── fonts
│   ├── scripts
│   │   └── products.js
│   └── stylesheets
│       └── style.css
├── routes
│   ├── index-backup.js
│   ├── index.js
│   ├── products.js
│   └── users.js
├── tree.log
└── views
    ├── index.ejs
    ├── index2.ejs
    ├── index3.ejs
    ├── index4.ejs
    ├── index5.ejs
    ├── index6.ejs
    └── products.ejs

177 directories, 884 files
